<?xml version="1.0" encoding="UTF-8"?>
<testsuite xmlns:xsi="http://www.w3.org/2001/XMLSchema-instance" xsi:noNamespaceSchemaLocation="https://maven.apache.org/surefire/maven-surefire-plugin/xsd/surefire-test-report-3.0.xsd" version="3.0" name="com.collegesystem.CollegeManagementSystemApplicationTests" time="7.844" tests="1" errors="0" skipped="0" failures="0">
  <properties>
[...]
</properties>
  <testcase name="contextLoads" classname="com.collegesystem.CollegeManagementSystemApplicationTests" time="1.578">
    <system-out><![CDATA[18:21:48.430 [main] INFO org.springframework.test.context.support.AnnotationConfigContextLoaderUtils -- Could not detect default configuration classes for test class [com.collegesystem.CollegeManagementSystemApplicationTests]: CollegeManagementSystemApplicationTests does not declare any static, non-private, non-final, nested classes annotated with @Configuration.
18:21:48.687 [main] INFO org.springframework.boot.test.context.SpringBootTestContextBootstrapper -- Found @SpringBootConfiguration com.collegesystem.CollegeManagementSystemApplication for test class com.collegesystem.CollegeManagementSystemApplicationTests
18:21:49.125 [main] INFO org.springframework.boot.devtools.restart.RestartApplicationListener -- Restart disabled due to context in which it is running

  .   ____          _            __ _ _
 /\\ / ___'_ __ _ _(_)_ __  __ _ \ \ \ \
( ( )\___ | '_ | '_| | '_ \/ _` | \ \ \ \
 \\/  ___)| |_)| | | | | || (_| |  ) ) ) )
  '  |____| .__|_| |_|_| |_\__, | / / / /
 =========|_|==============|___/=/_/_/_/
 :: Spring Boot ::                (v3.2.3)

2024-02-29T18:21:49.619+05:30  INFO 10376 --- [           main] .CollegeManagementSystemApplicationTests : Starting CollegeManagementSystemApplicationTests using Java 21 with PID 10376 (started by U SIVA in E:\java\workshop-spring-boot\college_management_system)
2024-02-29T18:21:49.622+05:30  INFO 10376 --- [           main] .CollegeManagementSystemApplicationTests : No active profile set, falling back to 1 default profile: "default"
2024-02-29T18:21:50.916+05:30  INFO 10376 --- [           main] .s.d.r.c.RepositoryConfigurationDelegate : Bootstrapping Spring Data MongoDB repositories in DEFAULT mode.
2024-02-29T18:21:51.025+05:30  INFO 10376 --- [           main] .s.d.r.c.RepositoryConfigurationDelegate : Finished Spring Data repository scanning in 98 ms. Found 1 MongoDB repository interface.
2024-02-29T18:21:52.114+05:30  INFO 10376 --- [           main] org.mongodb.driver.client                : MongoClient with metadata {"driver": {"name": "mongo-java-driver|sync|spring-boot", "version": "4.11.1"}, "os": {"type": "Windows", "name": "Windows 11", "architecture": "amd64", "version": "10.0"}, "platform": "Java/Oracle Corporation/21+35-LTS-2513"} created with settings MongoClientSettings{readPreference=primary, writeConcern=WriteConcern{w=majority, wTimeout=null ms, journal=null}, retryWrites=true, retryReads=true, readConcern=ReadConcern{level=null}, credential=MongoCredential{mechanism=null, userName='monster', source='admin', password=<hidden>, mechanismProperties=<hidden>}, transportSettings=null, streamFactoryFactory=null, commandListeners=[], codecRegistry=ProvidersCodecRegistry{codecProviders=[ValueCodecProvider{}, BsonValueCodecProvider{}, DBRefCodecProvider{}, DBObjectCodecProvider{}, DocumentCodecProvider{}, CollectionCodecProvider{}, IterableCodecProvider{}, MapCodecProvider{}, GeoJsonCodecProvider{}, GridFSFileCodecProvider{}, Jsr310CodecProvider{}, JsonObjectCodecProvider{}, BsonCodecProvider{}, EnumCodecProvider{}, com.mongodb.client.model.mql.ExpressionCodecProvider@67536ae0, com.mongodb.Jep395RecordCodecProvider@6413d7e7, com.mongodb.KotlinCodecProvider@d16be4f]}, loggerSettings=LoggerSettings{maxDocumentLength=1000}, clusterSettings={hosts=[127.0.0.1:27017], srvHost=cluster0.bdnbbsj.mongodb.net, srvServiceName=mongodb, mode=MULTIPLE, requiredClusterType=REPLICA_SET, requiredReplicaSetName='atlas-4r8ucd-shard-0', serverSelector='null', clusterListeners='[]', serverSelectionTimeout='30000 ms', localThreshold='15 ms'}, socketSettings=SocketSettings{connectTimeoutMS=10000, readTimeoutMS=0, receiveBufferSize=0, proxySettings=ProxySettings{host=null, port=null, username=null, password=null}}, heartbeatSocketSettings=SocketSettings{connectTimeoutMS=10000, readTimeoutMS=10000, receiveBufferSize=0, proxySettings=ProxySettings{host=null, port=null, username=null, password=null}}, connectionPoolSettings=ConnectionPoolSettings{maxSize=100, minSize=0, maxWaitTimeMS=120000, maxConnectionLifeTimeMS=0, maxConnectionIdleTimeMS=0, maintenanceInitialDelayMS=0, maintenanceFrequencyMS=60000, connectionPoolListeners=[], maxConnecting=2}, serverSettings=ServerSettings{heartbeatFrequencyMS=10000, minHeartbeatFrequencyMS=500, serverListeners='[]', serverMonitorListeners='[]'}, sslSettings=SslSettings{enabled=true, invalidHostNameAllowed=false, context=null}, applicationName='null', compressorList=[], uuidRepresentation=JAVA_LEGACY, serverApi=null, autoEncryptionSettings=null, dnsClient=null, inetAddressResolver=null, contextProvider=null}
2024-02-29T18:21:52.304+05:30  INFO 10376 --- [bsj.mongodb.net] org.mongodb.driver.cluster               : Adding discovered server ac-wktrswc-shard-00-00.bdnbbsj.mongodb.net:27017 to client view of cluster
2024-02-29T18:21:52.380+05:30  INFO 10376 --- [bsj.mongodb.net] org.mongodb.driver.cluster               : Adding discovered server ac-wktrswc-shard-00-01.bdnbbsj.mongodb.net:27017 to client view of cluster
2024-02-29T18:21:52.385+05:30  INFO 10376 --- [bsj.mongodb.net] org.mongodb.driver.cluster               : Adding discovered server ac-wktrswc-shard-00-02.bdnbbsj.mongodb.net:27017 to client view of cluster
2024-02-29T18:21:53.779+05:30  INFO 10376 --- [ngodb.net:27017] org.mongodb.driver.cluster               : Monitor thread successfully connected to server with description ServerDescription{address=ac-wktrswc-shard-00-02.bdnbbsj.mongodb.net:27017, type=REPLICA_SET_SECONDARY, state=CONNECTED, ok=true, minWireVersion=0, maxWireVersion=17, maxDocumentSize=16777216, logicalSessionTimeoutMinutes=30, roundTripTimeNanos=764456500, setName='atlas-4r8ucd-shard-0', canonicalAddress=ac-wktrswc-shard-00-02.bdnbbsj.mongodb.net:27017, hosts=[ac-wktrswc-shard-00-00.bdnbbsj.mongodb.net:27017, ac-wktrswc-shard-00-01.bdnbbsj.mongodb.net:27017, ac-wktrswc-shard-00-02.bdnbbsj.mongodb.net:27017], passives=[], arbiters=[], primary='ac-wktrswc-shard-00-01.bdnbbsj.mongodb.net:27017', tagSet=TagSet{[Tag{name='availabilityZone', value='aps1-az2'}, Tag{name='diskState', value='READY'}, Tag{name='nodeType', value='ELECTABLE'}, Tag{name='provider', value='AWS'}, Tag{name='region', value='AP_SOUTH_1'}, Tag{name='workloadType', value='OPERATIONAL'}]}, electionId=null, setVersion=2, topologyVersion=TopologyVersion{processId=65df680cb5a005f2928c8b19, counter=3}, lastWriteDate=Thu Feb 29 18:21:54 IST 2024, lastUpdateTimeNanos=2005374799848100}
2024-02-29T18:21:53.780+05:30  INFO 10376 --- [ngodb.net:27017] org.mongodb.driver.cluster               : Monitor thread successfully connected to server with description ServerDescription{address=ac-wktrswc-shard-00-01.bdnbbsj.mongodb.net:27017, type=REPLICA_SET_PRIMARY, state=CONNECTED, ok=true, minWireVersion=0, maxWireVersion=17, maxDocumentSize=16777216, logicalSessionTimeoutMinutes=30, roundTripTimeNanos=764454500, setName='atlas-4r8ucd-shard-0', canonicalAddress=ac-wktrswc-shard-00-01.bdnbbsj.mongodb.net:27017, hosts=[ac-wktrswc-shard-00-00.bdnbbsj.mongodb.net:27017, ac-wktrswc-shard-00-01.bdnbbsj.mongodb.net:27017, ac-wktrswc-shard-00-02.bdnbbsj.mongodb.net:27017], passives=[], arbiters=[], primary='ac-wktrswc-shard-00-01.bdnbbsj.mongodb.net:27017', tagSet=TagSet{[Tag{name='availabilityZone', value='aps1-az3'}, Tag{name='diskState', value='READY'}, Tag{name='nodeType', value='ELECTABLE'}, Tag{name='provider', value='AWS'}, Tag{name='region', value='AP_SOUTH_1'}, Tag{name='workloadType', value='OPERATIONAL'}]}, electionId=7fffffff0000000000000011, setVersion=2, topologyVersion=TopologyVersion{processId=65df67bae5d91e3fe759f8dd, counter=6}, lastWriteDate=Thu Feb 29 18:21:54 IST 2024, lastUpdateTimeNanos=2005374799848200}
2024-02-29T18:21:53.780+05:30  INFO 10376 --- [ngodb.net:27017] org.mongodb.driver.cluster               : Monitor thread successfully connected to server with description ServerDescription{address=ac-wktrswc-shard-00-00.bdnbbsj.mongodb.net:27017, type=REPLICA_SET_SECONDARY, state=CONNECTED, ok=true, minWireVersion=0, maxWireVersion=17, maxDocumentSize=16777216, logicalSessionTimeoutMinutes=30, roundTripTimeNanos=764871600, setName='atlas-4r8ucd-shard-0', canonicalAddress=ac-wktrswc-shard-00-00.bdnbbsj.mongodb.net:27017, hosts=[ac-wktrswc-shard-00-00.bdnbbsj.mongodb.net:27017, ac-wktrswc-shard-00-01.bdnbbsj.mongodb.net:27017, ac-wktrswc-shard-00-02.bdnbbsj.mongodb.net:27017], passives=[], arbiters=[], primary='ac-wktrswc-shard-00-01.bdnbbsj.mongodb.net:27017', tagSet=TagSet{[Tag{name='availabilityZone', value='aps1-az1'}, Tag{name='diskState', value='READY'}, Tag{name='nodeType', value='ELECTABLE'}, Tag{name='provider', value='AWS'}, Tag{name='region', value='AP_SOUTH_1'}, Tag{name='workloadType', value='OPERATIONAL'}]}, electionId=null, setVersion=2, topologyVersion=TopologyVersion{processId=65df67682283d0a6fcebb667, counter=4}, lastWriteDate=Thu Feb 29 18:21:54 IST 2024, lastUpdateTimeNanos=2005374800257800}
2024-02-29T18:21:53.792+05:30  INFO 10376 --- [ngodb.net:27017] org.mongodb.driver.cluster               : Discovered replica set primary ac-wktrswc-shard-00-01.bdnbbsj.mongodb.net:27017 with max election id 7fffffff0000000000000011 and max set version 2
2024-02-29T18:21:54.239+05:30  INFO 10376 --- [           main] .CollegeManagementSystemApplicationTests : Started CollegeManagementSystemApplicationTests in 5.161 seconds (process running for 7.382)
]]></system-out>
    <system-err><![CDATA[WARNING: A Java agent has been loaded dynamically (C:\Users\U SIVA\.m2\repository\net\bytebuddy\byte-buddy-agent\1.14.12\byte-buddy-agent-1.14.12.jar)
WARNING: If a serviceability tool is in use, please run with -XX:+EnableDynamicAgentLoading to hide this warning
WARNING: If a serviceability tool is not in use, please run with -Djdk.instrument.traceUsage for more information
WARNING: Dynamic loading of agents will be disallowed by default in a future release
]]></system-err>
  </testcase>
</testsuite>